1                                           The SAS System               15:25 Friday, January 1, 2021

NOTE: Copyright (c) 2016 by SAS Institute Inc., Cary, NC, USA. 
NOTE: SAS (r) Proprietary Software 9.4 (TS1M6) 
      Licensed to UNIVERSITY OF NORTH CAROLINA CHAPEL HILL - SFA T&R, Site 70022629.
NOTE: This session is executing on the W32_10PRO  platform.



NOTE: Analytical products:
      
      SAS/STAT 15.1
      SAS/ETS 15.1
      SAS/OR 15.1
      SAS/IML 15.1
      SAS/QC 15.1

NOTE: Additional host information:

 W32_10PRO WIN 10.0.19041  Workstation

NOTE: SAS initialization used:
      real time           0.41 seconds
      cpu time            0.34 seconds
      
1          *********************************************************************
2          *
3          *  PROGRAM DESCRIPTION: Analysis of data from the Dental Study;
4          *
5          *-------------------------------------------------------------------
6          *  JOB NAME:       dental-data-analysis.sas
7          *  LANGUAGE:       SAS, VERSION 9.4
8          *
9          *  NAME:           Matthew Psioda
10         *  DATE COMPLETE:  2020-12-30
11         *-------------------------------------------------------------------
12         *
13         *  Modification History:
14         *
15         *  NAME:                         << Insert Name of Primary Programmer >>
16         *  DATE COMPLETE:                << YYYY-MM-DD >>
17         *  DESCRIPTION OF MODIFICATION:  << Please insert 2-3 sentences >>
18         ********************************************************************;
19         %include "C:\Users\psioda\Desktop\BIOS-767\macros\setup.sas";
80         %setup(dental-data-analysis,C:\Users\psioda\Desktop\BIOS-767);
NOTE: Deleting WORK.SASMACR (memtype=CATALOG).
NOTE: File WORK.SASMACR (memtype=CATALOG) cannot be deleted because it is in use.
NOTE: PROCEDURE DATASETS used (Total process time):
      real time           0.01 seconds
      cpu time            0.01 seconds
      

NOTE: There were 74 observations read from the data set SASHELP.VMACRO.
NOTE: The data set WORK.VARS has 74 observations and 4 variables.
NOTE: DATA statement used (Total process time):
      real time           0.08 seconds
2                                           The SAS System               15:25 Friday, January 1, 2021

      cpu time            0.06 seconds
      


NOTE: There were 74 observations read from the data set WORK.VARS.
NOTE: DATA statement used (Total process time):
      real time           0.00 seconds
      cpu time            0.01 seconds
      


NOTE: There were 3 observations read from the data set SASHELP.VEXTFL.
      WHERE FIND(UPCASE(xPath), 'DENTAL-DATA-ANALYSIS');
NOTE: The data set WORK.TE has 1 observations and 5 variables.
NOTE: DATA statement used (Total process time):
      real time           0.03 seconds
      cpu time            0.01 seconds
      

NOTE: Libref DAT was successfully assigned as follows: 
      Engine:        V9 
      Physical Name: C:\USERS\PSIODA\DESKTOP\BIOS-767\data
NOTE: Libref FITZ was successfully assigned as follows: 
      Engine:        V9 
      Physical Name: C:\USERS\PSIODA\DESKTOP\BIOS-767\data\Fitzmaurice-Laird-Ware-ALA
NOTE: Program="dental-data-analysis" executed by User="psioda" on 01JAN21 at 15:25
81         
82         /***************************************** Statistical Analysis -- URMA
82       ! *********************************/
83         option papersize=("8.5in","11.0in") topmargin=0.1in rightmargin=0.1in leftmargin=0.1in
83       ! bottommargin=0.1in;
84         ods noptitle;
85         ods pdf file = "&outpathFitz.&slash.Dental-URMA-Analysis.pdf" nogtitle dpi=350;
NOTE: Writing ODS PDF output to DISK destination 
      "C:\USERS\PSIODA\DESKTOP\BIOS-767\data\Fitzmaurice-Laird-Ware-ALA\data-analysis\Dental-URMA-A
      nalysis.pdf", printer "PDF".
86         ods graphics / reset noborder;
87         title1 j=c "Analysis of Distances (mm) -- Univariate Repeated Measures ANOVA";
88         proc glm data = fitz.dental plots=all;
89          class gender;
90          model age8 age10 age12 age14 = gender / nouni ;
91          repeated age / nom;
92         run;

NOTE: The Huynh-Feldt epsilon and the corresponding adjusted p-value have been enhanced to include 
      a correction based on Lecoutre (1991). Use the UEPSDEF=HF option on the REPEATED statement 
      to revert to the previous definition.
93         quit;

NOTE: PROCEDURE GLM used (Total process time):
      real time           0.09 seconds
      cpu time            0.04 seconds
      
                                          The SAS System


94         ods pdf close;
NOTE: ODS PDF printed 4 pages to 
      C:\USERS\PSIODA\DESKTOP\BIOS-767\data\Fitzmaurice-Laird-Ware-ALA\data-analysis\Dental-URMA-An
      alysis.pdf.
95         
96         /***************************************** Statistical Analysis -- MRMA
96       ! *********************************/
97         option papersize=("8.5in","11.0in") topmargin=0.1in rightmargin=0.1in leftmargin=0.1in
97       ! bottommargin=0.1in;
98         ods noptitle;
99         ods pdf file = "&outpathFitz.&slash.Dental-MANOVA-Analysis.pdf" nogtitle dpi=350;
NOTE: Writing ODS PDF output to DISK destination 
      "C:\USERS\PSIODA\DESKTOP\BIOS-767\data\Fitzmaurice-Laird-Ware-ALA\data-analysis\Dental-MANOVA
      -Analysis.pdf", printer "PDF".
100        ods graphics / reset noborder;
101        title1 j=c "Analysis of Distances (mm) -- MANOVA";
102        proc glm data = fitz.dental plots=all;
103         class gender;
104         model age8 age10 age12 age14 = gender / nouni ;
105         repeated age / nou mstat=exact;
106        run;

107        quit;

NOTE: PROCEDURE GLM used (Total process time):
      real time           0.07 seconds
      cpu time            0.04 seconds
      

108        ods pdf close;
NOTE: ODS PDF printed 3 pages to 
      C:\USERS\PSIODA\DESKTOP\BIOS-767\data\Fitzmaurice-Laird-Ware-ALA\data-analysis\Dental-MANOVA-
      Analysis.pdf.
109        

NOTE: SAS Institute Inc., SAS Campus Drive, Cary, NC USA 27513-2414
NOTE: The SAS System used:
      real time           2.30 seconds
      cpu time            0.92 seconds
      
