1                                           The SAS System               15:26 Friday, January 1, 2021

NOTE: Copyright (c) 2016 by SAS Institute Inc., Cary, NC, USA. 
NOTE: SAS (r) Proprietary Software 9.4 (TS1M6) 
      Licensed to UNIVERSITY OF NORTH CAROLINA CHAPEL HILL - SFA T&R, Site 70022629.
NOTE: This session is executing on the W32_10PRO  platform.



NOTE: Analytical products:
      
      SAS/STAT 15.1
      SAS/ETS 15.1
      SAS/OR 15.1
      SAS/IML 15.1
      SAS/QC 15.1

NOTE: Additional host information:

 W32_10PRO WIN 10.0.19041  Workstation

NOTE: SAS initialization used:
      real time           0.38 seconds
      cpu time            0.29 seconds
      
1          *********************************************************************
2          *
3          *  PROGRAM DESCRIPTION: Analysis of data from the Treatment of Lead-
4          *                       Exposed Children (TLC) Trial;
5          *
6          *-------------------------------------------------------------------
7          *  JOB NAME:       lead-data-analysis.sas
8          *  LANGUAGE:       SAS, VERSION 9.4
9          *
10         *  NAME:           Matthew Psioda
11         *  DATE COMPLETE:  2020-12-30
12         *-------------------------------------------------------------------
13         *
14         *  Modification History:
15         *
16         *  NAME:                         << Insert Name of Primary Programmer >>
17         *  DATE COMPLETE:                << YYYY-MM-DD >>
18         *  DESCRIPTION OF MODIFICATION:  << Please insert 2-3 sentences >>
19         ********************************************************************;
20         %include "C:\Users\psioda\Desktop\BIOS-767\macros\setup.sas";
81         %setup(lead-data-analysis,C:\Users\psioda\Desktop\BIOS-767);
NOTE: Deleting WORK.SASMACR (memtype=CATALOG).
NOTE: File WORK.SASMACR (memtype=CATALOG) cannot be deleted because it is in use.
NOTE: PROCEDURE DATASETS used (Total process time):
      real time           0.01 seconds
      cpu time            0.01 seconds
      

NOTE: There were 74 observations read from the data set SASHELP.VMACRO.
NOTE: The data set WORK.VARS has 74 observations and 4 variables.
NOTE: DATA statement used (Total process time):
2                                           The SAS System               15:26 Friday, January 1, 2021

      real time           0.08 seconds
      cpu time            0.07 seconds
      


NOTE: There were 74 observations read from the data set WORK.VARS.
NOTE: DATA statement used (Total process time):
      real time           0.00 seconds
      cpu time            0.01 seconds
      


NOTE: There were 3 observations read from the data set SASHELP.VEXTFL.
      WHERE FIND(UPCASE(xPath), 'LEAD-DATA-ANALYSIS');
NOTE: The data set WORK.TE has 1 observations and 5 variables.
NOTE: DATA statement used (Total process time):
      real time           0.02 seconds
      cpu time            0.01 seconds
      

NOTE: Libref DAT was successfully assigned as follows: 
      Engine:        V9 
      Physical Name: C:\USERS\PSIODA\DESKTOP\BIOS-767\data
NOTE: Libref FITZ was successfully assigned as follows: 
      Engine:        V9 
      Physical Name: C:\USERS\PSIODA\DESKTOP\BIOS-767\data\Fitzmaurice-Laird-Ware-ALA
NOTE: Program="lead-data-analysis" executed by User="psioda" on 01JAN21 at 15:26
82         
83         /***************************************** Statistical Analysis -- URMA
83       ! *********************************/
84         option papersize=("8.5in","11.0in") topmargin=0.1in rightmargin=0.1in leftmargin=0.1in
84       ! bottommargin=0.1in;
85         ods noptitle;
86         ods pdf file = "&outpathFitz.&slash.Lead-URMA-Analysis.pdf" nogtitle dpi=350;
NOTE: Writing ODS PDF output to DISK destination 
      "C:\USERS\PSIODA\DESKTOP\BIOS-767\data\Fitzmaurice-Laird-Ware-ALA\data-analysis\Lead-URMA-Ana
      lysis.pdf", printer "PDF".
87         ods graphics / reset noborder;
88         title1 j=c "Analysis of blood lead levels -- Univariate Repeated Measures ANOVA";
89         proc glm data = fitz.tlc plots=all;
90          class trt;
91          model y0 y1 y4 y6 = trt / nouni ;
92          repeated week / nom;
93         run;

NOTE: The Huynh-Feldt epsilon and the corresponding adjusted p-value have been enhanced to include 
      a correction based on Lecoutre (1991). Use the UEPSDEF=HF option on the REPEATED statement 
      to revert to the previous definition.
94         quit;

NOTE: PROCEDURE GLM used (Total process time):
      real time           0.10 seconds
      cpu time            0.04 seconds
                                          The SAS System

      

95         ods pdf close;
NOTE: ODS PDF printed 4 pages to 
      C:\USERS\PSIODA\DESKTOP\BIOS-767\data\Fitzmaurice-Laird-Ware-ALA\data-analysis\Lead-URMA-Anal
      ysis.pdf.
96         
97         /***************************************** Statistical Analysis -- MRMA
97       ! *********************************/
98         option papersize=("8.5in","11.0in") topmargin=0.1in rightmargin=0.1in leftmargin=0.1in
98       ! bottommargin=0.1in;
99         ods noptitle;
100        ods pdf file = "&outpathFitz.&slash.Lead-MANOVA-Analysis.pdf" nogtitle dpi=350;
NOTE: Writing ODS PDF output to DISK destination 
      "C:\USERS\PSIODA\DESKTOP\BIOS-767\data\Fitzmaurice-Laird-Ware-ALA\data-analysis\Lead-MANOVA-A
      nalysis.pdf", printer "PDF".
101        ods graphics / reset noborder;
102        title1 j=c "Analysis of blood lead levels -- MANOVA";
103        proc glm data = fitz.tlc plots=all;
104         class trt;
105         model y0 y1 y4 y6 = trt / nouni ;
106         repeated week / nou mstat=exact;
107        run;

108        quit;

NOTE: PROCEDURE GLM used (Total process time):
      real time           0.08 seconds
      cpu time            0.04 seconds
      

109        ods pdf close;
NOTE: ODS PDF printed 3 pages to 
      C:\USERS\PSIODA\DESKTOP\BIOS-767\data\Fitzmaurice-Laird-Ware-ALA\data-analysis\Lead-MANOVA-An
      alysis.pdf.
110        
111        
112        /***************************************** Statistical Analysis -- MVN
112      ! *********************************/
113        data analysis_data;
114          set fitz.tlc;
115        	array mn[4] y0 y1 y4 y6;
116        	do j = 1 to dim(mn);
117        		bloodlevel = mn[j];
118        		week       = 0*(j=1) + 1*(j=2) + 4*(j=3) + 6*(j=4);
119        		output;
120        	end;
121        	drop j;
122        run;

NOTE: There were 100 observations read from the data set FITZ.TLC.
NOTE: The data set WORK.ANALYSIS_DATA has 400 observations and 8 variables.
NOTE: DATA statement used (Total process time):
                                          The SAS System

      real time           0.01 seconds
      cpu time            0.01 seconds
      

123        
124        
125        option papersize=("8.5in","11.0in") topmargin=0.1in rightmargin=0.1in leftmargin=0.1in
125      ! bottommargin=0.1in;
126        ods noptitle;
127        ods pdf file = "&outpathFitz.&slash.Lead-MVN-Analysis.pdf" nogtitle dpi=350;
NOTE: Writing ODS PDF output to DISK destination 
      "C:\USERS\PSIODA\DESKTOP\BIOS-767\data\Fitzmaurice-Laird-Ware-ALA\data-analysis\Lead-MVN-Anal
      ysis.pdf", printer "PDF".
128        ods graphics / reset noborder;
129        title1 j=c "Analysis of blood lead levels -- Multivariate Normal Model";
130        proc mixed data = analysis_data method=reml plots=all;
131         class trt(ref='P') week;
132         model bloodlevel = trt*week / noint solution ddfm=kr2 vciry ;
133         repeated week / subject=id type=un r;
134        
135          contrast "Treatment Effect" trt*week 0  1  0  0   0 -1  0  0,
136        							  trt*week 0  0  1  0   0  0 -1  0,
137        							  trt*week 0  0  0  1   0  0  0 -1;
138        
139         estimate "Week 1" trt*week 0  1  0  0   0 -1  0  0;
140         estimate "Week 4" trt*week 0  0  1  0   0  0 -1  0;
141         estimate "Week 6" trt*week 0  0  0  1   0  0  0 -1;
142        run;

NOTE: Convergence criteria met.
NOTE: PROCEDURE MIXED used (Total process time):
      real time           4.94 seconds
      cpu time            0.79 seconds
      

143        ods pdf close;
NOTE: ODS PDF printed 6 pages to 
      C:\USERS\PSIODA\DESKTOP\BIOS-767\data\Fitzmaurice-Laird-Ware-ALA\data-analysis\Lead-MVN-Analy
      sis.pdf.
144        
145        
146        /***************************************** Statistical Analysis -- LMM
146      ! *********************************/
147        data analysis_data2;
148          set fitz.tlc;
149        	array mn[3] y1 y4 y6;
150        	do j = 1 to dim(mn);
151        		bloodlevel = mn[j] - y0;
152        		week       = 1*(j=1) + 4*(j=2) + 6*(j=3);
153        		week1      = (j=1);
154        		week4      = (j=2);
155                week6      = (j=3);
156        		output;
                                          The SAS System

157        	end;
158        	drop j y:;
159        run;

NOTE: There were 100 observations read from the data set FITZ.TLC.
NOTE: The data set WORK.ANALYSIS_DATA2 has 300 observations and 7 variables.
NOTE: DATA statement used (Total process time):
      real time           0.01 seconds
      cpu time            0.01 seconds
      

160        
161        option papersize=("8.5in","11.0in") topmargin=0.1in rightmargin=0.1in leftmargin=0.1in
161      ! bottommargin=0.1in;
162        ods noptitle;
163        ods pdf file = "&outpathFitz.&slash.Lead-LMM-Analysis.pdf" nogtitle dpi=350;
NOTE: Writing ODS PDF output to DISK destination 
      "C:\USERS\PSIODA\DESKTOP\BIOS-767\data\Fitzmaurice-Laird-Ware-ALA\data-analysis\Lead-LMM-Anal
      ysis.pdf", printer "PDF".
164        ods graphics / reset noborder;
165        title1 j=c "Analysis of change fromm baseline blood lead levels -- Linear Mixed Model";
166        proc mixed data = analysis_data2 method=reml plots=all covtest;
167         class trt(ref='P') ;
168         model bloodlevel = trt*week1 trt*week4 trt*week6 / noint solution ddfm=kr2 vciry ;
169         random intercept week4 week6 / subject=id type=cs G;
170        
171          contrast "Treatment Effect" trt*week1 1 -1,
172                                      trt*week4 1 -1,
173        							  trt*week6 1 -1;
174        run;

NOTE: Convergence criteria met.
NOTE: PROCEDURE MIXED used (Total process time):
      real time           4.28 seconds
      cpu time            1.06 seconds
      

175        ods pdf close;
NOTE: ODS PDF printed 6 pages to 
      C:\USERS\PSIODA\DESKTOP\BIOS-767\data\Fitzmaurice-Laird-Ware-ALA\data-analysis\Lead-LMM-Analy
      sis.pdf.
176        
177        
178        
179        
180        /***************************************** Statistical Analysis -- GEE
180      ! *********************************/
181        data analysis_data;
182          set fitz.tlc;
183        	array mn[4] y0 y1 y4 y6;
184        	do j = 1 to dim(mn);
185        		bloodlevel = mn[j];
186        		week       = 0*(j=1) + 1*(j=2) + 4*(j=3) + 6*(j=4);
                                          The SAS System

187        		output;
188        	end;
189        	drop j;
190        run;

NOTE: There were 100 observations read from the data set FITZ.TLC.
NOTE: The data set WORK.ANALYSIS_DATA has 400 observations and 8 variables.
NOTE: DATA statement used (Total process time):
      real time           0.01 seconds
      cpu time            0.00 seconds
      

191        
192        option papersize=("8.5in","11.0in") topmargin=0.1in rightmargin=0.1in leftmargin=0.1in
192      ! bottommargin=0.1in;
193        ods noptitle;
194        ods pdf file = "&outpathFitz.&slash.Lead-GEE-Analysis.pdf" nogtitle dpi=350;
NOTE: Writing ODS PDF output to DISK destination 
      "C:\USERS\PSIODA\DESKTOP\BIOS-767\data\Fitzmaurice-Laird-Ware-ALA\data-analysis\Lead-GEE-Anal
      ysis.pdf", printer "PDF".
195        ods graphics / reset noborder;
196        title1 j=c "Analysis of blood lead levels -- Generalized Estimating Equations";
197        proc genmod data = analysis_data  plots=all;
198         class trt(ref='P') week id;
199         model bloodlevel = trt*week / noint ;
200         repeated subject=id / type=ar(1) corrw ;
201        
202         contrast "Treatment Effect"  trt*week 0  1  0  0  0 -1  0  0,
203        							  trt*week 0  0  1  0  0  0 -1  0,
204        							  trt*week 0  0  0  1  0  0  0 -1;
205        
206         estimate "Week 1" trt*week 0  1  0  0   0 -1  0  0;
207         estimate "Week 4" trt*week 0  0  1  0   0  0 -1  0;
208         estimate "Week 6" trt*week 0  0  0  1   0  0  0 -1;
209        run;

NOTE: Class levels for some variables were not printed due to excessive size.
NOTE: Algorithm converged.
NOTE: Algorithm converged.
NOTE: The empirical covariance matrix estimate is used in the ESTIMATE statement.
NOTE: PROCEDURE GENMOD used (Total process time):
      real time           6.09 seconds
      cpu time            1.64 seconds
      

210        ods pdf close;
NOTE: ODS PDF printed 9 pages to 
      C:\USERS\PSIODA\DESKTOP\BIOS-767\data\Fitzmaurice-Laird-Ware-ALA\data-analysis\Lead-GEE-Analy
      sis.pdf.
NOTE: SAS Institute Inc., SAS Campus Drive, Cary, NC USA 27513-2414
NOTE: The SAS System used:
      real time           19.94 seconds
      cpu time            4.95 seconds
                                          The SAS System

      
